Line 46: Class VSFlex8UCtl.VSFlexGrid of control VSFlexGrid1 was not a loaded control class.
Line 143: Class MSAdodcLib.Adodc of control Adodc1 was not a loaded control class.
Line 52: The property name _cx in VSFlexGrid1 is invalid.
Line 53: The property name _cy in VSFlexGrid1 is invalid.
Line 69: The property name BackColorFixed in VSFlexGrid1 is invalid.
Line 70: The property name ForeColorFixed in VSFlexGrid1 is invalid.
Line 71: The property name BackColorSel in VSFlexGrid1 is invalid.
Line 72: The property name ForeColorSel in VSFlexGrid1 is invalid.
Line 73: The property name BackColorBkg in VSFlexGrid1 is invalid.
Line 74: The property name BackColorAlternate in VSFlexGrid1 is invalid.
Line 75: The property name GridColor in VSFlexGrid1 is invalid.
Line 76: The property name GridColorFixed in VSFlexGrid1 is invalid.
Line 77: The property name TreeColor in VSFlexGrid1 is invalid.
Line 78: The property name FloodColor in VSFlexGrid1 is invalid.
Line 79: The property name SheetBorder in VSFlexGrid1 is invalid.
Line 80: The property name FocusRect in VSFlexGrid1 is invalid.
Line 81: The property name HighLight in VSFlexGrid1 is invalid.
Line 82: The property name AllowSelection in VSFlexGrid1 is invalid.
Line 83: The property name AllowBigSelection in VSFlexGrid1 is invalid.
Line 84: The property name AllowUserResizing in VSFlexGrid1 is invalid.
Line 85: The property name SelectionMode in VSFlexGrid1 is invalid.
Line 86: The property name GridLines in VSFlexGrid1 is invalid.
Line 87: The property name GridLinesFixed in VSFlexGrid1 is invalid.
Line 88: The property name GridLineWidth in VSFlexGrid1 is invalid.
Line 89: The property name Rows in VSFlexGrid1 is invalid.
Line 90: The property name Cols in VSFlexGrid1 is invalid.
Line 91: The property name FixedRows in VSFlexGrid1 is invalid.
Line 92: The property name FixedCols in VSFlexGrid1 is invalid.
Line 93: The property name RowHeightMin in VSFlexGrid1 is invalid.
Line 94: The property name RowHeightMax in VSFlexGrid1 is invalid.
Line 95: The property name ColWidthMin in VSFlexGrid1 is invalid.
Line 96: The property name ColWidthMax in VSFlexGrid1 is invalid.
Line 97: The property name ExtendLastCol in VSFlexGrid1 is invalid.
Line 98: The property name FormatString in VSFlexGrid1 is invalid.
Line 99: The property name ScrollTrack in VSFlexGrid1 is invalid.
Line 100: The property name ScrollBars in VSFlexGrid1 is invalid.
Line 101: The property name ScrollTips in VSFlexGrid1 is invalid.
Line 102: The property name MergeCells in VSFlexGrid1 is invalid.
Line 103: The property name MergeCompare in VSFlexGrid1 is invalid.
Line 104: The property name AutoResize in VSFlexGrid1 is invalid.
Line 105: The property name AutoSizeMode in VSFlexGrid1 is invalid.
Line 106: The property name AutoSearch in VSFlexGrid1 is invalid.
Line 107: The property name AutoSearchDelay in VSFlexGrid1 is invalid.
Line 108: The property name MultiTotals in VSFlexGrid1 is invalid.
Line 109: The property name SubtotalPosition in VSFlexGrid1 is invalid.
Line 110: The property name OutlineBar in VSFlexGrid1 is invalid.
Line 111: The property name OutlineCol in VSFlexGrid1 is invalid.
Line 112: The property name Ellipsis in VSFlexGrid1 is invalid.
Line 113: The property name ExplorerBar in VSFlexGrid1 is invalid.
Line 114: The property name PicturesOver in VSFlexGrid1 is invalid.
Line 117: The property name PictureType in VSFlexGrid1 is invalid.
Line 118: The property name TabBehavior in VSFlexGrid1 is invalid.
Line 119: The property name OwnerDraw in VSFlexGrid1 is invalid.
Line 120: The property name Editable in VSFlexGrid1 is invalid.
Line 121: The property name ShowComboButton in VSFlexGrid1 is invalid.
Line 122: The property name WordWrap in VSFlexGrid1 is invalid.
Line 123: The property name TextStyle in VSFlexGrid1 is invalid.
Line 124: The property name TextStyleFixed in VSFlexGrid1 is invalid.
Line 127: The property name DataMode in VSFlexGrid1 is invalid.
Line 128: The property name VirtualData in VSFlexGrid1 is invalid.
Line 130: The property name ComboSearch in VSFlexGrid1 is invalid.
Line 131: The property name AutoSizeMouse in VSFlexGrid1 is invalid.
Line 132: The property name FrozenRows in VSFlexGrid1 is invalid.
Line 133: The property name FrozenCols in VSFlexGrid1 is invalid.
Line 134: The property name AllowUserFreezing in VSFlexGrid1 is invalid.
Line 135: The property name BackColorFrozen in VSFlexGrid1 is invalid.
Line 136: The property name ForeColorFrozen in VSFlexGrid1 is invalid.
Line 137: The property name WallPaperAlignment in VSFlexGrid1 is invalid.
Line 138: The property name AccessibleName in VSFlexGrid1 is invalid.
Line 139: The property name AccessibleDescription in VSFlexGrid1 is invalid.
Line 140: The property name AccessibleValue in VSFlexGrid1 is invalid.
Line 141: The property name AccessibleRole in VSFlexGrid1 is invalid.
Line 149: The property name _ExtentX in Adodc1 is invalid.
Line 150: The property name _ExtentY in Adodc1 is invalid.
Line 151: The property name ConnectMode in Adodc1 is invalid.
Line 152: The property name CursorLocation in Adodc1 is invalid.
Line 153: The property name IsolationLevel in Adodc1 is invalid.
Line 154: The property name ConnectionTimeout in Adodc1 is invalid.
Line 155: The property name CommandTimeout in Adodc1 is invalid.
Line 156: The property name CursorType in Adodc1 is invalid.
Line 157: The property name LockType in Adodc1 is invalid.
Line 158: The property name CommandType in Adodc1 is invalid.
Line 159: The property name CursorOptions in Adodc1 is invalid.
Line 160: The property name CacheSize in Adodc1 is invalid.
Line 161: The property name MaxRecords in Adodc1 is invalid.
Line 162: The property name BOFAction in Adodc1 is invalid.
Line 163: The property name EOFAction in Adodc1 is invalid.
Line 164: The property name ConnectStringType in Adodc1 is invalid.
Line 168: The property name Orientation in Adodc1 is invalid.
Line 170: The property name Connect in Adodc1 is invalid.
Line 171: The property name OLEDBString in Adodc1 is invalid.
Line 172: The property name OLEDBFile in Adodc1 is invalid.
Line 173: The property name DataSourceName in Adodc1 is invalid.
Line 174: The property name OtherAttributes in Adodc1 is invalid.
Line 175: The property name UserName in Adodc1 is invalid.
Line 176: The property name Password in Adodc1 is invalid.
Line 177: The property name RecordSource in Adodc1 is invalid.
Line 178: The property name Caption in Adodc1 is invalid.
Line 188: The property name _Version in Adodc1 is invalid.
